<?xml version="1.0" encoding="UTF-8"?>
<testsuite name="com.witelokk.ApplicationTest" tests="1" skipped="0" failures="1" errors="0" timestamp="2025-02-20T20:21:34" hostname="roman-macbook" time="0.224">
  <properties/>
  <testcase name="testRoot" classname="com.witelokk.ApplicationTest" time="0.224">
    <failure message="io.ktor.server.config.ApplicationConfigurationException: Property database.url not found." type="io.ktor.server.config.ApplicationConfigurationException">io.ktor.server.config.ApplicationConfigurationException: Property database.url not found.
	at app//io.ktor.server.config.MapApplicationConfig.property(MapApplicationConfig.kt:55)
	at app//com.witelokk.ApplicationKt.module(Application.kt:16)
	at app//com.witelokk.ApplicationTest$testRoot$1.invokeSuspend$lambda$0(ApplicationTest.kt:13)
	at app//io.ktor.server.engine.EmbeddedServer.instantiateAndConfigureApplication$lambda$25(EmbeddedServerJvm.kt:344)
	at app//io.ktor.server.engine.EmbeddedServer.avoidingDoubleStartup(EmbeddedServerJvm.kt:361)
	at app//io.ktor.server.engine.EmbeddedServer.instantiateAndConfigureApplication(EmbeddedServerJvm.kt:333)
	at app//io.ktor.server.engine.EmbeddedServer.createApplication(EmbeddedServerJvm.kt:142)
	at app//io.ktor.server.engine.EmbeddedServer.start(EmbeddedServerJvm.kt:272)
	at app//io.ktor.server.engine.EmbeddedServer.start$default(EmbeddedServerJvm.kt:267)
	at app//io.ktor.server.testing.TestApplication.start(TestApplication.kt:83)
	at app//io.ktor.server.testing.TestApplicationKt.runTestApplication(TestApplication.kt:415)
	at app//io.ktor.server.testing.TestApplicationKt$testApplication$1.invokeSuspend(TestApplication.kt:395)
	at _COROUTINE._BOUNDARY._(CoroutineDebugging.kt:42)
	at io.ktor.test.dispatcher.TestCommonKt$runTestWithRealTime$1.invokeSuspend(TestCommon.kt:38)
	at kotlinx.coroutines.test.TestBuildersKt__TestBuildersKt$runTest$2$1$1.invokeSuspend(TestBuilders.kt:318)
Caused by: io.ktor.server.config.ApplicationConfigurationException: Property database.url not found.
	at app//io.ktor.server.config.MapApplicationConfig.property(MapApplicationConfig.kt:55)
	at app//com.witelokk.ApplicationKt.module(Application.kt:16)
	at app//com.witelokk.ApplicationTest$testRoot$1.invokeSuspend$lambda$0(ApplicationTest.kt:13)
	at app//io.ktor.server.engine.EmbeddedServer.instantiateAndConfigureApplication$lambda$25(EmbeddedServerJvm.kt:344)
	at app//io.ktor.server.engine.EmbeddedServer.avoidingDoubleStartup(EmbeddedServerJvm.kt:361)
	at app//io.ktor.server.engine.EmbeddedServer.instantiateAndConfigureApplication(EmbeddedServerJvm.kt:333)
	at app//io.ktor.server.engine.EmbeddedServer.createApplication(EmbeddedServerJvm.kt:142)
	at app//io.ktor.server.engine.EmbeddedServer.start(EmbeddedServerJvm.kt:272)
	at app//io.ktor.server.engine.EmbeddedServer.start$default(EmbeddedServerJvm.kt:267)
	at app//io.ktor.server.testing.TestApplication.start(TestApplication.kt:83)
	at app//io.ktor.server.testing.TestApplicationKt.runTestApplication(TestApplication.kt:415)
	at app//io.ktor.server.testing.TestApplicationKt$testApplication$1.invokeSuspend(TestApplication.kt:395)
	at app//kotlin.coroutines.jvm.internal.BaseContinuationImpl.resumeWith(ContinuationImpl.kt:33)
	at app//kotlinx.coroutines.DispatchedTask.run(DispatchedTask.kt:101)
	at app//kotlinx.coroutines.internal.LimitedDispatcher$Worker.run(LimitedDispatcher.kt:113)
	at app//kotlinx.coroutines.scheduling.TaskImpl.run(Tasks.kt:89)
	at app//kotlinx.coroutines.scheduling.CoroutineScheduler.runSafely(CoroutineScheduler.kt:589)
	at app//kotlinx.coroutines.scheduling.CoroutineScheduler$Worker.executeTask(CoroutineScheduler.kt:832)
	at app//kotlinx.coroutines.scheduling.CoroutineScheduler$Worker.runWorker(CoroutineScheduler.kt:720)
	at app//kotlinx.coroutines.scheduling.CoroutineScheduler$Worker.run(CoroutineScheduler.kt:707)
</failure>
  </testcase>
  <system-out><![CDATA[2025-02-20 23:21:35.176 [DefaultDispatcher-worker-1] INFO  io.ktor.test - No ktor.deployment.watch patterns specified, automatic reload is not active.
]]></system-out>
  <system-err><![CDATA[]]></system-err>
</testsuite>
